<?xml version="1.0" encoding="UTF-8"?>
<coverage generated="1749481425665" clover="3.2.0">
  <project timestamp="1749481425665" name="All files">
    <metrics statements="68" coveredstatements="52" conditionals="22" coveredconditionals="13" methods="20" coveredmethods="14" elements="110" coveredelements="79" complexity="0" loc="68" ncloc="68" packages="1" files="1" classes="1"/>
    <file name="enigma.js" path="/Users/chyngyz/web/edu-ai-challenge-2025/task-6/enigma.js">
      <metrics statements="68" coveredstatements="52" conditionals="22" coveredconditionals="13" methods="20" coveredmethods="14"/>
      <line num="1" count="1" type="stmt"/>
      <line num="3" count="1" type="stmt"/>
      <line num="5" count="687" type="stmt"/>
      <line num="8" count="1" type="stmt"/>
      <line num="13" count="1" type="stmt"/>
      <line num="16" count="98" type="stmt"/>
      <line num="17" count="60" type="cond" truecount="2" falsecount="0"/>
      <line num="18" count="57" type="cond" truecount="2" falsecount="0"/>
      <line num="20" count="89" type="stmt"/>
      <line num="25" count="36" type="stmt"/>
      <line num="26" count="36" type="stmt"/>
      <line num="27" count="36" type="stmt"/>
      <line num="28" count="36" type="stmt"/>
      <line num="31" count="99" type="stmt"/>
      <line num="34" count="196" type="stmt"/>
      <line num="37" count="294" type="stmt"/>
      <line num="38" count="294" type="cond" truecount="1" falsecount="1"/>
      <line num="39" count="294" type="stmt"/>
      <line num="40" count="294" type="stmt"/>
      <line num="43" count="294" type="stmt"/>
      <line num="44" count="294" type="cond" truecount="1" falsecount="1"/>
      <line num="45" count="294" type="stmt"/>
      <line num="46" count="294" type="stmt"/>
      <line num="52" count="11" type="stmt"/>
      <line num="53" count="11" type="stmt"/>
      <line num="54" count="11" type="stmt"/>
      <line num="55" count="11" type="stmt"/>
      <line num="56" count="11" type="stmt"/>
      <line num="60" count="12" type="stmt"/>
      <line num="62" count="36" type="stmt"/>
      <line num="69" count="12" type="stmt"/>
      <line num="73" count="98" type="stmt"/>
      <line num="74" count="98" type="stmt"/>
      <line num="82" count="98" type="cond" truecount="1" falsecount="1"/>
      <line num="83" count="0" type="stmt"/>
      <line num="84" count="0" type="stmt"/>
      <line num="85" count="98" type="cond" truecount="2" falsecount="0"/>
      <line num="86" count="1" type="stmt"/>
      <line num="89" count="98" type="stmt"/>
      <line num="92" count="101" type="cond" truecount="2" falsecount="0"/>
      <line num="93" count="98" type="stmt"/>
      <line num="94" count="98" type="stmt"/>
      <line num="95" count="98" type="stmt"/>
      <line num="96" count="294" type="stmt"/>
      <line num="99" count="98" type="stmt"/>
      <line num="100" count="98" type="cond" truecount="1" falsecount="1"/>
      <line num="101" count="98" type="stmt"/>
      <line num="103" count="98" type="stmt"/>
      <line num="104" count="294" type="stmt"/>
      <line num="107" count="98" type="stmt"/>
      <line num="110" count="13" type="stmt"/>
      <line num="113" count="101" type="stmt"/>
      <line num="119" count="0" type="stmt"/>
      <line num="123" count="0" type="stmt"/>
      <line num="124" count="0" type="stmt"/>
      <line num="125" count="0" type="stmt"/>
      <line num="126" count="0" type="stmt"/>
      <line num="127" count="0" type="stmt"/>
      <line num="128" count="0" type="stmt"/>
      <line num="130" count="0" type="cond" truecount="0" falsecount="2"/>
      <line num="133" count="0" type="stmt"/>
      <line num="135" count="0" type="stmt"/>
      <line num="141" count="0" type="stmt"/>
      <line num="142" count="0" type="stmt"/>
      <line num="143" count="0" type="stmt"/>
      <line num="150" count="1" type="cond" truecount="1" falsecount="1"/>
      <line num="151" count="0" type="stmt"/>
      <line num="154" count="1" type="stmt"/>
    </file>
  </project>
</coverage>
