{"/Users/chyngyz/web/edu-ai-challenge-2025/task-6/enigma.js": {"path":"/Users/chyngyz/web/edu-ai-challenge-2025/task-6/enigma.js","statementMap":{"0":{"start":{"line":1,"column":17},"end":{"line":1,"column":36}},"1":{"start":{"line":3,"column":17},"end":{"line":3,"column":45}},"2":{"start":{"line":5,"column":2},"end":{"line":5,"column":27}},"3":{"start":{"line":8,"column":15},"end":{"line":12,"column":1}},"4":{"start":{"line":13,"column":18},"end":{"line":13,"column":46}},"5":{"start":{"line":16,"column":2},"end":{"line":19,"column":3}},"6":{"start":{"line":17,"column":4},"end":{"line":17,"column":26}},"7":{"start":{"line":17,"column":17},"end":{"line":17,"column":26}},"8":{"start":{"line":18,"column":4},"end":{"line":18,"column":26}},"9":{"start":{"line":18,"column":17},"end":{"line":18,"column":26}},"10":{"start":{"line":20,"column":2},"end":{"line":20,"column":11}},"11":{"start":{"line":25,"column":4},"end":{"line":25,"column":25}},"12":{"start":{"line":26,"column":4},"end":{"line":26,"column":23}},"13":{"start":{"line":27,"column":4},"end":{"line":27,"column":35}},"14":{"start":{"line":28,"column":4},"end":{"line":28,"column":29}},"15":{"start":{"line":31,"column":4},"end":{"line":31,"column":47}},"16":{"start":{"line":34,"column":4},"end":{"line":34,"column":50}},"17":{"start":{"line":37,"column":16},"end":{"line":37,"column":35}},"18":{"start":{"line":38,"column":4},"end":{"line":38,"column":29}},"19":{"start":{"line":38,"column":20},"end":{"line":38,"column":29}},"20":{"start":{"line":39,"column":18},"end":{"line":39,"column":65}},"21":{"start":{"line":40,"column":4},"end":{"line":40,"column":30}},"22":{"start":{"line":43,"column":16},"end":{"line":43,"column":38}},"23":{"start":{"line":44,"column":4},"end":{"line":44,"column":29}},"24":{"start":{"line":44,"column":20},"end":{"line":44,"column":29}},"25":{"start":{"line":45,"column":16},"end":{"line":45,"column":63}},"26":{"start":{"line":46,"column":4},"end":{"line":46,"column":25}},"27":{"start":{"line":52,"column":4},"end":{"line":52,"column":29}},"28":{"start":{"line":53,"column":4},"end":{"line":53,"column":43}},"29":{"start":{"line":54,"column":4},"end":{"line":54,"column":37}},"30":{"start":{"line":55,"column":4},"end":{"line":55,"column":41}},"31":{"start":{"line":56,"column":4},"end":{"line":56,"column":17}},"32":{"start":{"line":60,"column":4},"end":{"line":68,"column":6}},"33":{"start":{"line":62,"column":8},"end":{"line":67,"column":9}},"34":{"start":{"line":69,"column":4},"end":{"line":69,"column":16}},"35":{"start":{"line":73,"column":25},"end":{"line":73,"column":49}},"36":{"start":{"line":74,"column":26},"end":{"line":74,"column":50}},"37":{"start":{"line":82,"column":4},"end":{"line":87,"column":5}},"38":{"start":{"line":83,"column":6},"end":{"line":83,"column":28}},"39":{"start":{"line":84,"column":6},"end":{"line":84,"column":28}},"40":{"start":{"line":85,"column":11},"end":{"line":87,"column":5}},"41":{"start":{"line":86,"column":6},"end":{"line":86,"column":28}},"42":{"start":{"line":89,"column":4},"end":{"line":89,"column":26}},"43":{"start":{"line":92,"column":4},"end":{"line":92,"column":40}},"44":{"start":{"line":92,"column":31},"end":{"line":92,"column":40}},"45":{"start":{"line":93,"column":4},"end":{"line":93,"column":22}},"46":{"start":{"line":94,"column":4},"end":{"line":94,"column":46}},"47":{"start":{"line":95,"column":4},"end":{"line":97,"column":5}},"48":{"start":{"line":95,"column":17},"end":{"line":95,"column":39}},"49":{"start":{"line":96,"column":6},"end":{"line":96,"column":36}},"50":{"start":{"line":99,"column":25},"end":{"line":99,"column":44}},"51":{"start":{"line":100,"column":4},"end":{"line":100,"column":38}},"52":{"start":{"line":100,"column":29},"end":{"line":100,"column":38}},"53":{"start":{"line":101,"column":4},"end":{"line":101,"column":32}},"54":{"start":{"line":103,"column":4},"end":{"line":105,"column":5}},"55":{"start":{"line":103,"column":17},"end":{"line":103,"column":18}},"56":{"start":{"line":104,"column":6},"end":{"line":104,"column":37}},"57":{"start":{"line":107,"column":4},"end":{"line":107,"column":13}},"58":{"start":{"line":110,"column":4},"end":{"line":114,"column":16}},"59":{"start":{"line":113,"column":18},"end":{"line":113,"column":37}},"60":{"start":{"line":119,"column":13},"end":{"line":122,"column":4}},"61":{"start":{"line":123,"column":2},"end":{"line":147,"column":5}},"62":{"start":{"line":124,"column":4},"end":{"line":146,"column":7}},"63":{"start":{"line":125,"column":29},"end":{"line":125,"column":58}},"64":{"start":{"line":126,"column":6},"end":{"line":145,"column":9}},"65":{"start":{"line":127,"column":29},"end":{"line":127,"column":59}},"66":{"start":{"line":128,"column":8},"end":{"line":144,"column":11}},"67":{"start":{"line":130,"column":12},"end":{"line":133,"column":55}},"68":{"start":{"line":133,"column":30},"end":{"line":133,"column":48}},"69":{"start":{"line":135,"column":25},"end":{"line":140,"column":11}},"70":{"start":{"line":141,"column":25},"end":{"line":141,"column":48}},"71":{"start":{"line":142,"column":10},"end":{"line":142,"column":41}},"72":{"start":{"line":143,"column":10},"end":{"line":143,"column":21}},"73":{"start":{"line":150,"column":0},"end":{"line":152,"column":1}},"74":{"start":{"line":151,"column":2},"end":{"line":151,"column":17}},"75":{"start":{"line":154,"column":0},"end":{"line":154,"column":35}}},"fnMap":{"0":{"name":"mod","decl":{"start":{"line":4,"column":9},"end":{"line":4,"column":12}},"loc":{"start":{"line":4,"column":19},"end":{"line":6,"column":1}},"line":4},"1":{"name":"plugboardSwap","decl":{"start":{"line":15,"column":9},"end":{"line":15,"column":22}},"loc":{"start":{"line":15,"column":33},"end":{"line":21,"column":1}},"line":15},"2":{"name":"(anonymous_2)","decl":{"start":{"line":24,"column":2},"end":{"line":24,"column":3}},"loc":{"start":{"line":24,"column":60},"end":{"line":29,"column":3}},"line":24},"3":{"name":"(anonymous_3)","decl":{"start":{"line":30,"column":2},"end":{"line":30,"column":3}},"loc":{"start":{"line":30,"column":9},"end":{"line":32,"column":3}},"line":30},"4":{"name":"(anonymous_4)","decl":{"start":{"line":33,"column":2},"end":{"line":33,"column":3}},"loc":{"start":{"line":33,"column":12},"end":{"line":35,"column":3}},"line":33},"5":{"name":"(anonymous_5)","decl":{"start":{"line":36,"column":2},"end":{"line":36,"column":3}},"loc":{"start":{"line":36,"column":13},"end":{"line":41,"column":3}},"line":36},"6":{"name":"(anonymous_6)","decl":{"start":{"line":42,"column":2},"end":{"line":42,"column":3}},"loc":{"start":{"line":42,"column":14},"end":{"line":47,"column":3}},"line":42},"7":{"name":"(anonymous_7)","decl":{"start":{"line":51,"column":2},"end":{"line":51,"column":3}},"loc":{"start":{"line":51,"column":70},"end":{"line":57,"column":3}},"line":51},"8":{"name":"(anonymous_8)","decl":{"start":{"line":59,"column":2},"end":{"line":59,"column":3}},"loc":{"start":{"line":59,"column":10},"end":{"line":70,"column":3}},"line":59},"9":{"name":"(anonymous_9)","decl":{"start":{"line":61,"column":6},"end":{"line":61,"column":7}},"loc":{"start":{"line":62,"column":8},"end":{"line":67,"column":9}},"line":62},"10":{"name":"(anonymous_10)","decl":{"start":{"line":71,"column":2},"end":{"line":71,"column":3}},"loc":{"start":{"line":71,"column":15},"end":{"line":90,"column":3}},"line":71},"11":{"name":"(anonymous_11)","decl":{"start":{"line":91,"column":2},"end":{"line":91,"column":3}},"loc":{"start":{"line":91,"column":17},"end":{"line":108,"column":3}},"line":91},"12":{"name":"(anonymous_12)","decl":{"start":{"line":109,"column":2},"end":{"line":109,"column":3}},"loc":{"start":{"line":109,"column":16},"end":{"line":115,"column":3}},"line":109},"13":{"name":"(anonymous_13)","decl":{"start":{"line":113,"column":11},"end":{"line":113,"column":12}},"loc":{"start":{"line":113,"column":18},"end":{"line":113,"column":37}},"line":113},"14":{"name":"promptEnigma","decl":{"start":{"line":118,"column":9},"end":{"line":118,"column":21}},"loc":{"start":{"line":118,"column":24},"end":{"line":148,"column":1}},"line":118},"15":{"name":"(anonymous_15)","decl":{"start":{"line":123,"column":33},"end":{"line":123,"column":34}},"loc":{"start":{"line":123,"column":46},"end":{"line":147,"column":3}},"line":123},"16":{"name":"(anonymous_16)","decl":{"start":{"line":124,"column":50},"end":{"line":124,"column":51}},"loc":{"start":{"line":124,"column":62},"end":{"line":146,"column":5}},"line":124},"17":{"name":"(anonymous_17)","decl":{"start":{"line":126,"column":50},"end":{"line":126,"column":51}},"loc":{"start":{"line":126,"column":63},"end":{"line":145,"column":7}},"line":126},"18":{"name":"(anonymous_18)","decl":{"start":{"line":128,"column":54},"end":{"line":128,"column":55}},"loc":{"start":{"line":128,"column":67},"end":{"line":144,"column":9}},"line":128},"19":{"name":"(anonymous_19)","decl":{"start":{"line":133,"column":20},"end":{"line":133,"column":21}},"loc":{"start":{"line":133,"column":30},"end":{"line":133,"column":48}},"line":133}},"branchMap":{"0":{"loc":{"start":{"line":17,"column":4},"end":{"line":17,"column":26}},"type":"if","locations":[{"start":{"line":17,"column":4},"end":{"line":17,"column":26}},{"start":{},"end":{}}],"line":17},"1":{"loc":{"start":{"line":18,"column":4},"end":{"line":18,"column":26}},"type":"if","locations":[{"start":{"line":18,"column":4},"end":{"line":18,"column":26}},{"start":{},"end":{}}],"line":18},"2":{"loc":{"start":{"line":24,"column":29},"end":{"line":24,"column":44}},"type":"default-arg","locations":[{"start":{"line":24,"column":43},"end":{"line":24,"column":44}}],"line":24},"3":{"loc":{"start":{"line":24,"column":46},"end":{"line":24,"column":58}},"type":"default-arg","locations":[{"start":{"line":24,"column":57},"end":{"line":24,"column":58}}],"line":24},"4":{"loc":{"start":{"line":38,"column":4},"end":{"line":38,"column":29}},"type":"if","locations":[{"start":{"line":38,"column":4},"end":{"line":38,"column":29}},{"start":{},"end":{}}],"line":38},"5":{"loc":{"start":{"line":44,"column":4},"end":{"line":44,"column":29}},"type":"if","locations":[{"start":{"line":44,"column":4},"end":{"line":44,"column":29}},{"start":{},"end":{}}],"line":44},"6":{"loc":{"start":{"line":82,"column":4},"end":{"line":87,"column":5}},"type":"if","locations":[{"start":{"line":82,"column":4},"end":{"line":87,"column":5}},{"start":{"line":85,"column":11},"end":{"line":87,"column":5}}],"line":82},"7":{"loc":{"start":{"line":85,"column":11},"end":{"line":87,"column":5}},"type":"if","locations":[{"start":{"line":85,"column":11},"end":{"line":87,"column":5}},{"start":{},"end":{}}],"line":85},"8":{"loc":{"start":{"line":92,"column":4},"end":{"line":92,"column":40}},"type":"if","locations":[{"start":{"line":92,"column":4},"end":{"line":92,"column":40}},{"start":{},"end":{}}],"line":92},"9":{"loc":{"start":{"line":100,"column":4},"end":{"line":100,"column":38}},"type":"if","locations":[{"start":{"line":100,"column":4},"end":{"line":100,"column":38}},{"start":{},"end":{}}],"line":100},"10":{"loc":{"start":{"line":130,"column":12},"end":{"line":133,"column":55}},"type":"binary-expr","locations":[{"start":{"line":130,"column":12},"end":{"line":133,"column":49}},{"start":{"line":133,"column":53},"end":{"line":133,"column":55}}],"line":130},"11":{"loc":{"start":{"line":150,"column":0},"end":{"line":152,"column":1}},"type":"if","locations":[{"start":{"line":150,"column":0},"end":{"line":152,"column":1}},{"start":{},"end":{}}],"line":150}},"s":{"0":1,"1":1,"2":687,"3":1,"4":1,"5":98,"6":60,"7":3,"8":57,"9":6,"10":89,"11":36,"12":36,"13":36,"14":36,"15":99,"16":196,"17":294,"18":294,"19":0,"20":294,"21":294,"22":294,"23":294,"24":0,"25":294,"26":294,"27":11,"28":11,"29":11,"30":11,"31":11,"32":12,"33":36,"34":12,"35":98,"36":98,"37":98,"38":0,"39":0,"40":98,"41":1,"42":98,"43":101,"44":3,"45":98,"46":98,"47":98,"48":98,"49":294,"50":98,"51":98,"52":0,"53":98,"54":98,"55":98,"56":294,"57":98,"58":13,"59":101,"60":0,"61":0,"62":0,"63":0,"64":0,"65":0,"66":0,"67":0,"68":0,"69":0,"70":0,"71":0,"72":0,"73":1,"74":0,"75":1},"f":{"0":687,"1":98,"2":36,"3":99,"4":196,"5":294,"6":294,"7":11,"8":12,"9":36,"10":98,"11":101,"12":13,"13":101,"14":0,"15":0,"16":0,"17":0,"18":0,"19":0},"b":{"0":[3,57],"1":[6,51],"2":[0],"3":[0],"4":[0,294],"5":[0,294],"6":[0,98],"7":[1,97],"8":[3,98],"9":[0,98],"10":[0,0],"11":[0,1]},"_coverageSchema":"1a1c01bbd47fc00a2c39e90264f33305004495a9","hash":"346225473c4a20c001b90f3c248ac3d7d07d9005"}
}
