TN:
SF:enigma.js
FN:4,mod
FN:15,plugboardSwap
FN:24,(anonymous_2)
FN:30,(anonymous_3)
FN:33,(anonymous_4)
FN:36,(anonymous_5)
FN:42,(anonymous_6)
FN:51,(anonymous_7)
FN:59,(anonymous_8)
FN:61,(anonymous_9)
FN:71,(anonymous_10)
FN:91,(anonymous_11)
FN:109,(anonymous_12)
FN:113,(anonymous_13)
FN:118,promptEnigma
FN:123,(anonymous_15)
FN:124,(anonymous_16)
FN:126,(anonymous_17)
FN:128,(anonymous_18)
FN:133,(anonymous_19)
FNF:20
FNH:14
FNDA:687,mod
FNDA:98,plugboardSwap
FNDA:36,(anonymous_2)
FNDA:99,(anonymous_3)
FNDA:196,(anonymous_4)
FNDA:294,(anonymous_5)
FNDA:294,(anonymous_6)
FNDA:11,(anonymous_7)
FNDA:12,(anonymous_8)
FNDA:36,(anonymous_9)
FNDA:98,(anonymous_10)
FNDA:101,(anonymous_11)
FNDA:13,(anonymous_12)
FNDA:101,(anonymous_13)
FNDA:0,promptEnigma
FNDA:0,(anonymous_15)
FNDA:0,(anonymous_16)
FNDA:0,(anonymous_17)
FNDA:0,(anonymous_18)
FNDA:0,(anonymous_19)
DA:1,1
DA:3,1
DA:5,687
DA:8,1
DA:13,1
DA:16,98
DA:17,60
DA:18,57
DA:20,89
DA:25,36
DA:26,36
DA:27,36
DA:28,36
DA:31,99
DA:34,196
DA:37,294
DA:38,294
DA:39,294
DA:40,294
DA:43,294
DA:44,294
DA:45,294
DA:46,294
DA:52,11
DA:53,11
DA:54,11
DA:55,11
DA:56,11
DA:60,12
DA:62,36
DA:69,12
DA:73,98
DA:74,98
DA:82,98
DA:83,0
DA:84,0
DA:85,98
DA:86,1
DA:89,98
DA:92,101
DA:93,98
DA:94,98
DA:95,98
DA:96,294
DA:99,98
DA:100,98
DA:101,98
DA:103,98
DA:104,294
DA:107,98
DA:110,13
DA:113,101
DA:119,0
DA:123,0
DA:124,0
DA:125,0
DA:126,0
DA:127,0
DA:128,0
DA:130,0
DA:133,0
DA:135,0
DA:141,0
DA:142,0
DA:143,0
DA:150,1
DA:151,0
DA:154,1
LF:68
LH:52
BRDA:17,0,0,3
BRDA:17,0,1,57
BRDA:18,1,0,6
BRDA:18,1,1,51
BRDA:24,2,0,0
BRDA:24,3,0,0
BRDA:38,4,0,0
BRDA:38,4,1,294
BRDA:44,5,0,0
BRDA:44,5,1,294
BRDA:82,6,0,0
BRDA:82,6,1,98
BRDA:85,7,0,1
BRDA:85,7,1,97
BRDA:92,8,0,3
BRDA:92,8,1,98
BRDA:100,9,0,0
BRDA:100,9,1,98
BRDA:130,10,0,0
BRDA:130,10,1,0
BRDA:150,11,0,0
BRDA:150,11,1,1
BRF:22
BRH:13
end_of_record
